Array
(
    [category] => International
    [tableData] => Array
        (
            [0] => Array
                (
                    [0] => test
                    [1] => test
                    [2] => test
                    [3] => 2025-03-11
                    [4] => 
                    [5] => teset
                )

            [1] => Array
                (
                    [0] => 
                    [1] => 
                    [2] => 
                    [3] => 
                    [4] => 
                    [5] => 
                )

            [2] => Array
                (
                    [0] => 
                    [1] => 
                    [2] => 
                    [3] => 
                    [4] => 
                    [5] => 
                )

            [3] => Array
                (
                    [0] => 
                    [1] => 
                    [2] => 
                    [3] => 
                    [4] => 
                    [5] => 
                )

        )

)
