Array
(
    [category] => International
    [tableData] => Array
        (
            [0] => Array
                (
                    [0] => Programming Contest
                    [1] => Mark Lester
                    [2] => IICT
                    [3] => 2025-03-06
                    [4] => 2025-03-07
                    [5] => ISUR- Gym
                )

            [1] => Array
                (
                    [0] => 
                    [1] => 
                    [2] => 
                    [3] => 
                    [4] => 
                    [5] => 
                )

            [2] => Array
                (
                    [0] => 
                    [1] => 
                    [2] => 
                    [3] => 
                    [4] => 
                    [5] => 
                )

            [3] => Array
                (
                    [0] => 
                    [1] => 
                    [2] => 
                    [3] => 
                    [4] => 
                    [5] => 
                )

        )

)
